
Thu 14 Mar 2024 08:15:06 PM UTC: 
 exercises.c | 87 ++++++++++++++++++++++++++++++++++++++++++++++++++++++++-----
 1 file changed, 80 insertions(+), 7 deletions(-)
test.c: In function ‘test_findMax’:
test.c:91:18: error: implicit declaration of function ‘findMax’ [-Werror=implicit-function-declaration]
   91 |     int result = findMax(arr, size);
      |                  ^~~~~~~
test.c: In function ‘test_reverseArray’:
test.c:125:5: error: implicit declaration of function ‘reverseArray’; did you mean ‘test_reverseArray’? [-Werror=implicit-function-declaration]
  125 |     reverseArray(arr, size);
      |     ^~~~~~~~~~~~
      |     test_reverseArray
test.c: In function ‘test_filterEvenNumbers’:
test.c:151:19: error: implicit declaration of function ‘filterEvenNumbers’; did you mean ‘test_filterEvenNumbers’? [-Werror=implicit-function-declaration]
  151 |     int *result = filterEvenNumbers(arr, size, &newSize);
      |                   ^~~~~~~~~~~~~~~~~
      |                   test_filterEvenNumbers
test.c:151:19: error: initialization of ‘int *’ from ‘int’ makes pointer from integer without a cast [-Werror=int-conversion]
test.c: In function ‘test_checkSorted’:
test.c:258:18: error: implicit declaration of function ‘checkSorted’; did you mean ‘test_checkSorted’? [-Werror=implicit-function-declaration]
  258 |     int result = checkSorted(arr, size);
      |                  ^~~~~~~~~~~
      |                  test_checkSorted
cc1: all warnings being treated as errors
Compilation failed
1f8c574
Thu 14 Mar 2024 08:16:57 PM UTC: 
 exercises.c | 2 +-
 1 file changed, 1 insertion(+), 1 deletion(-)
test.c: In function ‘test_reverseArray’:
test.c:125:5: error: implicit declaration of function ‘reverseArray’; did you mean ‘test_reverseArray’? [-Werror=implicit-function-declaration]
  125 |     reverseArray(arr, size);
      |     ^~~~~~~~~~~~
      |     test_reverseArray
test.c: In function ‘test_filterEvenNumbers’:
test.c:151:19: error: implicit declaration of function ‘filterEvenNumbers’; did you mean ‘test_filterEvenNumbers’? [-Werror=implicit-function-declaration]
  151 |     int *result = filterEvenNumbers(arr, size, &newSize);
      |                   ^~~~~~~~~~~~~~~~~
      |                   test_filterEvenNumbers
test.c:151:19: error: initialization of ‘int *’ from ‘int’ makes pointer from integer without a cast [-Werror=int-conversion]
test.c: In function ‘test_checkSorted’:
test.c:258:18: error: implicit declaration of function ‘checkSorted’; did you mean ‘test_checkSorted’? [-Werror=implicit-function-declaration]
  258 |     int result = checkSorted(arr, size);
      |                  ^~~~~~~~~~~
      |                  test_checkSorted
cc1: all warnings being treated as errors
Compilation failed
2235401
Thu 14 Mar 2024 08:17:31 PM UTC: 
 exercises.c | 14 +++++++-------
 1 file changed, 7 insertions(+), 7 deletions(-)
test.c: In function ‘test_filterEvenNumbers’:
test.c:151:19: error: implicit declaration of function ‘filterEvenNumbers’; did you mean ‘test_filterEvenNumbers’? [-Werror=implicit-function-declaration]
  151 |     int *result = filterEvenNumbers(arr, size, &newSize);
      |                   ^~~~~~~~~~~~~~~~~
      |                   test_filterEvenNumbers
test.c:151:19: error: initialization of ‘int *’ from ‘int’ makes pointer from integer without a cast [-Werror=int-conversion]
test.c: In function ‘test_checkSorted’:
test.c:258:18: error: implicit declaration of function ‘checkSorted’; did you mean ‘test_checkSorted’? [-Werror=implicit-function-declaration]
  258 |     int result = checkSorted(arr, size);
      |                  ^~~~~~~~~~~
      |                  test_checkSorted
cc1: all warnings being treated as errors
Compilation failed
cd3c929
Thu 14 Mar 2024 08:19:15 PM UTC: 
 exercises.c | 16 ++++++++--------
 1 file changed, 8 insertions(+), 8 deletions(-)
test.c: In function ‘test_checkSorted’:
test.c:258:18: error: implicit declaration of function ‘checkSorted’; did you mean ‘test_checkSorted’? [-Werror=implicit-function-declaration]
  258 |     int result = checkSorted(arr, size);
      |                  ^~~~~~~~~~~
      |                  test_checkSorted
cc1: all warnings being treated as errors
Compilation failed
74cd4d9
Thu 14 Mar 2024 08:19:54 PM UTC: 
 exercises.c | 10 +++++-----
 1 file changed, 5 insertions(+), 5 deletions(-)
 tests:  0|3
total_score: 40/70
776b0d0
Thu 14 Mar 2024 08:22:19 PM UTC: 
 exercises.c | 4 +++-
 1 file changed, 3 insertions(+), 1 deletion(-)
 tests:  0|3
total_score: 40/70
0685ed3
Thu 14 Mar 2024 08:25:05 PM UTC: 
 exercises.c | 10 +++++-----
 1 file changed, 5 insertions(+), 5 deletions(-)
 tests:  0|2
total_score: 50/70
d5910a6
